     1                                  bits 32 
     2                                  global start        
     3                                  extern exit               
     4                                  import exit msvcrt.dll    
     5                                  
     6                                  segment data use32 class=data
     7                                      ; a db 10
     8                                      ; b db 20
     9                                      ; c db 10
    10 00000000 1E                         a db 30
    11 00000001 14                         b db 20
    12 00000002 0A                         c db 10
    13 00000003 <res 00000002>             rez resw 1
    14                                  
    15                                  segment code use32 class=code
    16                                      start:
    17                                          ; ;a+b/c
    18                                          ; mov al, [b] ; al = b
    19                                          ; mov ah, 0   ; ax = b
    20                                          ; div BYTE [c]; al = ax/c
    21                                          ; add al, [a] ; al += a
    22                                          
    23                                          ; a-b*c
    24 00000000 A0[01000000]                    mov al, [b]
    25 00000005 F625[02000000]                  mul BYTE [c] ;ax = al*c = 20
    26                                          
    27                                          ; bx = a
    28 0000000B 8A1D[00000000]                  mov bl, [a]
    29 00000011 B700                            mov bh, 0
    30                                          ; a-bx
    31 00000013 6629C3                          sub bx, ax
    32                                          
    33 00000016 66891D[03000000]                mov [rez], bx
    34                                          
    35 0000001D 6A00                            push    dword 0     
    36 0000001F FF15[00000000]                  call    [exit]     
