     1                                  bits 32
     2                                  
     3                                  global start
     4                                  
     5                                  extern exit, printf, scanf, fopen, fclose, fprintf, fscanf
     6                                  import exit msvcrt.dll
     7                                  import printf msvcrt.dll
     8                                  import scanf msvcrt.dll
     9                                  import fopen msvcrt.dll
    10                                  import fclose msvcrt.dll
    11                                  import fprintf msvcrt.dll
    12                                  import fscanf msvcrt.dll
    13                                  
    14                                  
    15                                  segment data use32 class=data
    16 00000000 66696C65312E747874-         filename db "file1.txt", 0
    16 00000009 00                 
    17 0000000A 00000000                    descriptor dd 0
    18 0000000E 7700                        mode db "w", 0
    19 00000010 256300                      format db "%c", 0
    20 00000013 256400                      formatp db "%d", 0
    21 00000016 00000000                    index dd 0
    22 0000001A 616E61206172656E20-         text db "ana aren mere", 0
    22 00000023 6D65726500         
    23                                      
    24                                  
    25                                  segment code use32 class=code
    26                                      start:
    27 00000000 68[0E000000]                    push mode
    28 00000005 68[00000000]                    push filename
    29 0000000A FF15[00000000]                  call [fopen]
    30 00000010 83C408                          add esp, 4*2
    31                                          
    32 00000013 83F800                          cmp eax, 0
    33 00000016 7478                            je final
    34 00000018 A3[0A000000]                    mov [descriptor], eax
    35                                          
    36 0000001D BE[1A000000]                    mov esi, text
    37                                          caract:
    38 00000022 AC                                  lodsb
    39 00000023 3C00                                cmp al, 0
    40 00000025 7469                                je final
    41 00000027 3C61                                cmp al, 'a'
    42 00000029 7232                                jb scrie
    43 0000002B 3C7A                                cmp al, 'z'
    44 0000002D 772E                                ja scrie
    45                                              
    46 0000002F F705[16000000]0100-                 test dword[index], 1
    46 00000037 0000               
    47 00000039 7522                                jnz scrie
    48                                              
    49 0000003B FF35[16000000]                      push dword[index]
    50 00000041 68[13000000]                        push formatp
    51 00000046 FF35[0A000000]                      push dword[descriptor]
    52 0000004C FF15[00000000]                      call [fprintf]
    53 00000052 83C40C                              add esp, 4*3
    54                                              
    55 00000055 FF05[16000000]                      inc dword[index]
    56 0000005B EBC5                                jmp caract
    57                                              
    58                                              scrie:
    59 0000005D BB00000000                              mov ebx, 0
    60 00000062 88C3                                    mov bl, al
    61 00000064 53                                      push ebx
    62 00000065 68[10000000]                            push format
    63 0000006A FF35[0A000000]                          push dword[descriptor]
    64 00000070 FF15[00000000]                          call [fprintf]
    65 00000076 83C40C                                  add esp, 4*3
    66 00000079 FF05[16000000]                          inc dword[index]
    67 0000007F EBA1                                    jmp caract
    68                                          
    69 00000081 FF35[0A000000]                  push dword[descriptor]
    70 00000087 FF15[00000000]                  call [fclose]
    71 0000008D 83C404                          add esp, 4
    72                                          
    73                                          final:
    74 00000090 6A00                            push    dword 0     
    75 00000092 FF15[00000000]                  call    [exit]      
