     1                                  bits 16 ; assembling for the 32 bits architecture
     2                                  
     3                                  ; declare the EntryPoint (a label defining the very first instruction of the program)
     4                                  global start
     5                                  
     6                                  ; declare external functions needed by our program
     7                                  extern exit               ; tell nasm that exit exists even if we won't be defining it
     8                                  import exit msvcrt.dll    ; exit is a function that ends the calling process. It is defined in msvcrt.dll
     9                                                            ; msvcrt.dll contains exit, printf and all the other important C-runtime specific functions
    10                                  
    11                                  ; our data is declared here (the variables needed by our program)
    12                                  segment data use32 class=data
    13 00000000 0100                        a DW 1
    14 00000002 0200                        b DW 2
    15 00000004 <res 00000002>              rez RESW 1
    16                                  
    17                                  ; our code starts here
    18                                  segment code use32 class=code
    19                                      start:
    20 00000000 B8[0000]                        MOV AX, a
    21 00000003 0306[0200]                      ADD AX, [b]
    22 00000007 A3[0400]                        MOV [rez], AX
    23                                  
    24                                          ; exit(0)
    25 0000000A 666A00                          push    dword 0      ; push the parameter for exit onto the stack
    26 0000000D FF16[0000]                      call    [exit]       ; call exit to terminate the program
