     1                                  bits 32 ; assembling for the 32 bits architecture
     2                                  
     3                                  
     4                                  global start        
     5                                  
     6                                  
     7                                  extern exit,scanf,printf,gets      
     8                                  
     9                                  import exit msvcrt.dll
    10                                  import printf msvcrt.dll
    11                                  import scanf msvcrt.dll
    12                                  import gets msvcrt.dll
    13                                  
    14                                  extern concatenare
    15                                  
    16                                  
    17                                  segment data use32 class=data public
    18 00000000 00000000                    lungime_cuv dd 0
    19 00000004 00000000                    len dd 0
    20 00000008 00000000                    nr dd 0  
    21                                      max equ 500    ;lungimea propozitiei
    22 0000000C 00000000                    n dd 0                ;lungimea maxima a propozitiei
    23 00000010 256400                      format_citire_max db '%d',0
    24 00000013 6E3D00                      mesaj_citire_max db "n=",0
    25 00000016 2E000000                    stop dd '.'                 ;caracterul de oprire
    26 0000001A 20000000                    space dd ' '                ;caracterul spatiu pentru a sti cand am citit un cuvant
    27 0000001E 00000000                    letter dd 0                 ;litera curenta
    28                                      ;nr_litere_cuv dd 0              ;nr litere a unui cuvant
    29                                      
    30                                      
    31 00000022 00<rept>                    propozitie times max+1 db 0   ;buffer pentru propozitie
    32                                  
    33 00000217 496E74726F64756365-         mesaj_citire db "Introduceti n propozitii: ",10,0
    33 00000220 7469206E2070726F70-
    33 00000229 6F7A697469693A200A-
    33 00000232 00                 
    34 00000233 256300                      format_citire db '%c',0     ;formatul pentru citire c -deoarece citim caracter cu caracter
    35                                      
    36 00000236 25642000                    format_afisare db '%d ',0    ;formatul pentru afisare d - deoarece afisam numarul de litere al fiecarui cuvant
    37                                      
    38 0000023A 257300                      format_afis_prop db '%s',0  ;formatul pentru afisarea propozitiei
    39 0000023D 255B5E2E5D2500              format_citire_prop db '%[^.]%',0
    40 00000244 <res 000001F5>              rez resb max+1
    41                                      
    42                                      
    43                                  
    44                                  
    45                                   segment code use32 class=code public
    46                                       start:
    47                                       
    48 00000000 68[13000000]                    push dword mesaj_citire_max
    49 00000005 FF15[00000000]                  call [printf]
    50 0000000B 83C404                          add esp,4*1
    51                                          
    52                                          
    53 0000000E 68[0C000000]                    push dword n
    54 00000013 68[10000000]                    push dword format_citire_max
    55 00000018 FF15[00000000]                  call [scanf]
    56 0000001E 83C408                          add esp,4*2
    57                                          
    58 00000021 68[17020000]                    push dword mesaj_citire
    59 00000026 FF15[00000000]                  call [printf]
    60 0000002C 83C404                          add esp,4*1
    61                                          
    62 0000002F FC                              cld
    63                                          
    64 00000030 8B0D[0C000000]                  mov ecx,dword[n]
    65 00000036 BB00000000                      mov ebx,0
    66 0000003B 41                              inc ecx
    67                                          
    68                                          citire_n_prop:
    69 0000003C 51                                  push ecx
    70                                              
    71 0000003D 68[22000000]                        push dword propozitie
    72 00000042 FF15[00000000]                      call [gets]
    73 00000048 83C404                              add esp,4*1
    74                                              
    75 0000004B 68[22000000]                        push dword propozitie
    76 00000050 68[44020000]                        push dword rez
    77 00000055 53                                  push dword ebx
    78 00000056 E8(00000000)                        call concatenare 
    79 0000005B 83C40C                              add esp,4*3
    80 0000005E 59                                  pop ecx
    81                                              
    82 0000005F E2DB                            loop citire_n_prop
    83                                          
    84 00000061 68[44020000]                    push dword rez
    85 00000066 FF15[00000000]                  call [printf]
    86 0000006C 83C404                          add esp,4*1
    87                                           
    88 0000006F 6A00                             push    dword 0      
    89 00000071 FF15[00000000]                   call    [exit]       ; call exit to terminate the program
    90                                  
