     1                                  bits 32
     2                                  
     3                                  global start
     4                                  
     5                                  extern exit, printf, scanf, fopen, fclose, fscanf
     6                                  import exit msvcrt.dll
     7                                  import printf msvcrt.dll
     8                                  import scanf msvcrt.dll
     9                                  import fopen msvcrt.dll
    10                                  import fclose msvcrt.dll
    11                                  import fscanf msvcrt.dll
    12                                  
    13                                  
    14                                  segment data use32 class=data
    15 00000000 <res 00000032>              fisier resb 50
    16 00000032 00000000                    numar dd 0
    17 00000036 00000000                    contor dd 0
    18 0000003A 00000000                    descriptor dd 0
    19 0000003E 257300                      formats db "%s", 0 
    20 00000041 256400                      formatd db "%d", 0
    21 00000044 7200                        mod db "r", 0
    22                                  
    23                                  segment code use32 class=code
    24                                      octprim:
    25 00000000 8A442406                        mov al, [esp+6]
    26 00000004 3C02                            cmp al, 2
    27 00000006 7223                            jb neprim
    28 00000008 741B                            je prim
    29 0000000A B400                            mov ah, 0
    30 0000000C B202                            mov dl, 2
    31                                          .bucla:
    32 0000000E F6F2                                div dl
    33 00000010 80FC00                              cmp ah, 0
    34 00000013 7416                                je neprim
    35 00000015 FEC2                                inc dl
    36 00000017 B400                                mov ah, 0
    37 00000019 8A442406                            mov al, [esp+6]
    38 0000001D 3A542406                            cmp dl, [esp+6]
    39 00000021 7402                                je prim
    40                                              
    41 00000023 EBE9                                jmp .bucla
    42 00000025 B801000000                      prim: mov eax, 1
    43 0000002A C3                                      ret
    44 0000002B B800000000                      neprim: mov eax, 0
    45 00000030 C3                                      ret
    46                                      start:
    47 00000031 68[00000000]                    push fisier
    48 00000036 68[3E000000]                    push formats
    49 0000003B FF15[00000000]                  call [scanf]
    50 00000041 83C408                          add esp, 4*2
    51                                          
    52 00000044 68[44000000]                    push mod
    53 00000049 68[00000000]                    push fisier
    54 0000004E FF15[00000000]                  call [fopen]
    55 00000054 83C408                          add esp, 4*2
    56                                          
    57 00000057 83F800                          cmp eax, 0
    58 0000005A 7461                            je _exit
    59 0000005C A3[3A000000]                    mov [descriptor], eax
    60                                          
    61                                  
    62                                          bucla:
    63 00000061 68[32000000]                        push numar
    64 00000066 68[41000000]                        push formatd
    65 0000006B FF35[3A000000]                      push dword[descriptor]
    66 00000071 FF15[00000000]                      call [fscanf]
    67 00000077 83C40C                              add esp, 4*3
    68                                              
    69 0000007A 83F801                              cmp eax, 1
    70 0000007D 751B                                jne afisare
    71                                              
    72 0000007F FF35[32000000]                      push dword[numar]
    73 00000085 E876FFFFFF                          call octprim
    74 0000008A 83C404                              add esp, 4
    75 0000008D 83F800                              cmp eax, 0
    76 00000090 74CF                                je bucla
    77 00000092 FF05[36000000]                      inc dword[contor]
    78 00000098 EBC7                                jmp bucla
    79                                          
    80                                          afisare:
    81 0000009A FF35[36000000]                      push dword[contor]
    82 000000A0 68[41000000]                        push formatd
    83 000000A5 FF15[00000000]                      call [printf]
    84 000000AB 83C408                              add esp, 4*2
    85                                              
    86 000000AE FF35[3A000000]                      push dword[descriptor]
    87 000000B4 FF15[00000000]                      call [fclose]
    88 000000BA 83C404                              add esp, 4
    89                                              
    90                                          _exit:
    91 000000BD 6A00                            push    dword 0     
    92 000000BF FF15[00000000]                  call    [exit]      
