     1                                  bits 32
     2                                  global start
     3                                  extern exit
     4                                  import exit msvcrt.dll
     5                                  
     6                                  segment data use32 class=data
     7 00000000 1900                        e dw 25
     8 00000002 1900                        h dw 25
     9 00000004 0A                          a db 10
    10                                  
    11                                  segment code use32 class=code
    12                                  start:
    13 00000000 B003                        mov al, 3
    14 00000002 F625[04000000]              mul BYTE [a]
    15 00000008 66F7D8                      neg ax
    16 0000000B 660305[00000000]            add ax, [e]
    17 00000012 660305[02000000]            add ax, [h]
    18 00000019 6689C3                      mov bx, ax
    19 0000001C 66B86400                    mov ax, 100
    20 00000020 66BA0000                    mov dx, 0
    21 00000024 66F7F3                      div bx ; ax = rez
    22 00000027 6A00                        push dword 0
    23 00000029 FF15[00000000]              call [exit]
    24                                      
