     1                                  bits 32
     2                                  global start
     3                                  extern exit
     4                                  import exit msvcrt.dll
     5                                  
     6                                  segment data use32 class=data
     7 00000000 0A00                        a dw 10
     8 00000002 04                          b db 4 
     9                                  segment code use32 class=code
    10                                  start:
    11                                      
    12                                      ; mov ax, [a] ; ax = 1010 = A
    13                                      ; div BYTE [b] ; al = ax / 4
    14                                      ; mov bl, al
    15                                      
    16 00000000 B104                        mov cl, 4
    17 00000002 66B80A00                    mov ax, 10
    18 00000006 F6F1                        div cl
    19 00000008 88C3                        mov bl, al
    20                                      
    21 0000000A 6A00                        push dword 0
    22 0000000C FF15[00000000]              call [exit] 
